[INFO] Scanning for projects...
[WARNING] 
[WARNING] Some problems were encountered while building the effective model for io.baratine:T0002:baratine:1.0-SNAPSHOT
[WARNING] 'build.plugins.plugin.version' for org.apache.maven.plugins:maven-compiler-plugin is missing. @ line 39, column 15
[WARNING] 
[WARNING] It is highly recommended to fix these problems because they threaten the stability of your build.
[WARNING] 
[WARNING] For this reason, future Maven versions might no longer support building such malformed projects.
[WARNING] 
[INFO]                                                                         
[INFO] ------------------------------------------------------------------------
[INFO] Building T0002 1.0-SNAPSHOT
[INFO] ------------------------------------------------------------------------
[INFO] 
[INFO] --- maven-clean-plugin:2.5:clean (default-clean) @ T0002 ---
[INFO] Deleting /Users/alex/projects/baratine-github/maven-collection-baratine/baratine-plugin/src/it/T0002/target
[INFO] 
[INFO] --- maven-resources-plugin:2.7:resources (default-resources) @ T0002 ---
[WARNING] Using platform encoding (UTF-8 actually) to copy filtered resources, i.e. build is platform dependent!
[INFO] Copying 1 resource
[INFO] 
[INFO] --- maven-compiler-plugin:3.3:compile (default-compile) @ T0002 ---
[INFO] Changes detected - recompiling the module!
[WARNING] File encoding has not been set, using platform encoding UTF-8, i.e. build is platform dependent!
[INFO] Compiling 1 source file to /Users/alex/projects/baratine-github/maven-collection-baratine/baratine-plugin/src/it/T0002/target/classes
[INFO] 
[INFO] --- maven-resources-plugin:2.7:testResources (default-testResources) @ T0002 ---
[WARNING] Using platform encoding (UTF-8 actually) to copy filtered resources, i.e. build is platform dependent!
[INFO] skip non existing resourceDirectory /Users/alex/projects/baratine-github/maven-collection-baratine/baratine-plugin/src/it/T0002/src/test/resources
[INFO] 
[INFO] --- maven-compiler-plugin:3.3:testCompile (default-testCompile) @ T0002 ---
[INFO] No sources to compile
[INFO] 
[INFO] --- maven-surefire-plugin:2.18.1:test (default-test) @ T0002 ---
[INFO] No tests to run.
[INFO] 
[INFO] --- baratine-plugin:1.0-SNAPSHOT:baratine (default-baratine) @ T0002 ---
[INFO] skipping artifact io.baratine:baratine-api:jar:0.9.0:baratine-api:0.9.0
[INFO] skipping artifact io.baratine:baratine:jar:0.9.0:baratine:0.9.0
[INFO] Building jar: /Users/alex/projects/baratine-github/maven-collection-baratine/baratine-plugin/src/it/T0002/target/T0002-1.0-SNAPSHOT.bar
[INFO] 
[INFO] --- baratine-plugin:1.0-SNAPSHOT:run (default) @ T0002 ---
Baratine/0.9.0 (built Thu, 21 May 2015 11:05:22 PDT)
Copyright(c) 1998-2014 Caucho Technology.  All rights reserved.

Starting Baratine on Wed, 17 Jun 2015 11:37:18 -0700 (PDT)

[2015-06-17 11:37:19,195] {main@1} INFO SystemManager: 
[2015-06-17 11:37:19,195] {main@1} INFO SystemManager: Baratine/0.9.0 (built Thu, 21 May 2015 11:05:22 PDT)
[2015-06-17 11:37:19,195] {main@1} INFO SystemManager: 
[2015-06-17 11:37:19,195] {main@1} INFO SystemManager: Mac OS X 10.10.3 x86_64
[2015-06-17 11:37:19,195] {main@1} INFO SystemManager: Java(TM) SE Runtime Environment 1.8.0_45-b14, UTF-8, en
[2015-06-17 11:37:19,195] {main@1} INFO SystemManager: Java HotSpot(TM) 64-Bit Server VM 25.45-b02, 64, mixed mode, Oracle Corporation
[2015-06-17 11:37:19,196] {main@1} INFO SystemManager: 
[2015-06-17 11:37:19,196] {main@1} INFO SystemManager: user.name  = alex
[2015-06-17 11:37:19,244] {baratine-24@24} INFO PortTcp: http listening to *:8086
[2015-06-17 11:37:19,831] {baratine-39@39} INFO WebApp: active WebApp[webapp/host/s]
[2015-06-17 11:37:19,833] {baratine-25@25} INFO Host: active Host[host/host]
[2015-06-17 11:37:19,856] {main@1} INFO ServerBase: 
[2015-06-17 11:37:19,858] {baratine-37@37} INFO HealthSubSystem: DumpJmx[] OK: JMX dump scheduled with a 60000 ms delay
[2015-06-17 11:37:19,860] {main@1} INFO ServerBase: home.dir = /Users/alex/.m2/repository/io/baratine/baratine
[2015-06-17 11:37:19,860] {main@1} INFO ServerBase: root.dir = /tmp/baratine-T0002
[2015-06-17 11:37:19,863] {main@1} INFO ServerBase: conf     = classpath:/META-INF/baratine/baratine.cf
[2015-06-17 11:37:19,864] {main@1} INFO ServerBase: server   = 192.168.5.68:8086 (default)
[2015-06-17 11:37:19,864] {main@1} INFO ServerBase: cluster  = cluster
[2015-06-17 11:37:19,864] {main@1} INFO ServerBase: 
[2015-06-17 11:37:19,890] {main@1} INFO ServerBase:   Native: file, socket, openssl
[2015-06-17 11:37:19,890] {main@1} INFO ServerBase: 
[2015-06-17 11:37:19,890] {main@1} INFO ServerBase: ServerBase[default/192.168.5.68:8086] started in 1206ms
[2015-06-17 11:37:19,994] {baratine-37@37} INFO FilesDeployServiceImpl: putFile /usr/lib/pods/T0002.bar
[2015-06-17 11:37:20,010] {baratine-20@20} INFO FilesDeployServiceImpl: putFile bfs:///config/pods/T0002.cf
  deployed T0002.bar to bfs:///config/pods/T0002.cf
Host: Host[host/host]
OSC: / /tmp/baratine-T0002/data-8086/pods/pod.0/web
[2015-06-17 11:37:20,092] {baratine-36@36} INFO WebApp: active WebApp[webapp/host/ROOT]
WEB-APP: WebApp[webapp/host/ROOT] /
[INFO] running Baratine Script
[INFO] baratine>ls /proc
pods
servers
services
webapps
[INFO] baratine>ls /proc/pods
cluster.cluster
cluster_hub.cluster
cluster_root.cluster
local.cluster
pod.cluster
[INFO] baratine>cat /proc/servers
[
{ "cluster" : "cluster",
  "servers" : [
  { "server" : "192.168.5.68:8086",
    "state" : "up"
  }]
}]
[INFO] baratine>jamp-query /T0002 test
["hello world!"]
[INFO] baratine>stop
[2015-06-17 11:37:23,080] {main@1} INFO ServerBase: shutdown Baratine: GRACEFUL
[2015-06-17 11:37:23,082] {baratine-37@37} INFO Host: stopping Host[host/host]
[2015-06-17 11:37:23,082] {baratine-38@38} INFO WebApp: stopping WebApp[webapp/host/s]
[2015-06-17 11:37:23,086] {baratine-38@38} INFO WebApp: stopping WebApp[webapp/host/ROOT]
  stop --port 8086 (background)
[INFO] baratine>exit
[INFO] Baratine terminated: 0
[INFO] ------------------------------------------------------------------------
[INFO] BUILD SUCCESS
[INFO] ------------------------------------------------------------------------
[INFO] Total time: 9.175 s
[INFO] Finished at: 2015-06-17T11:37:24-07:00
[INFO] Final Memory: 19M/304M
[INFO] ------------------------------------------------------------------------
Running post-build script: /Users/alex/projects/baratine-github/maven-collection-baratine/baratine-plugin/src/it/T0002/verify.bsh
Finished post-build script: /Users/alex/projects/baratine-github/maven-collection-baratine/baratine-plugin/src/it/T0002/verify.bsh
