[INFO] Scanning for projects...
[WARNING] 
[WARNING] Some problems were encountered while building the effective model for io.baratine:T0001:baratine:1.0-SNAPSHOT
[WARNING] 'build.plugins.plugin.version' for org.apache.maven.plugins:maven-compiler-plugin is missing. @ line 39, column 15
[WARNING] 
[WARNING] It is highly recommended to fix these problems because they threaten the stability of your build.
[WARNING] 
[WARNING] For this reason, future Maven versions might no longer support building such malformed projects.
[WARNING] 
[INFO]                                                                         
[INFO] ------------------------------------------------------------------------
[INFO] Building T0001 1.0-SNAPSHOT
[INFO] ------------------------------------------------------------------------
[INFO] 
[INFO] --- maven-clean-plugin:2.5:clean (default-clean) @ T0001 ---
[INFO] Deleting /Users/alex/projects/baratine-github/maven-collection-baratine/baratine-plugin/src/it/T0001/target
[INFO] 
[INFO] --- maven-resources-plugin:2.7:resources (default-resources) @ T0001 ---
[WARNING] Using platform encoding (UTF-8 actually) to copy filtered resources, i.e. build is platform dependent!
[INFO] Copying 1 resource
[INFO] 
[INFO] --- maven-compiler-plugin:3.3:compile (default-compile) @ T0001 ---
[INFO] Changes detected - recompiling the module!
[WARNING] File encoding has not been set, using platform encoding UTF-8, i.e. build is platform dependent!
[INFO] Compiling 1 source file to /Users/alex/projects/baratine-github/maven-collection-baratine/baratine-plugin/src/it/T0001/target/classes
[INFO] 
[INFO] --- maven-resources-plugin:2.7:testResources (default-testResources) @ T0001 ---
[WARNING] Using platform encoding (UTF-8 actually) to copy filtered resources, i.e. build is platform dependent!
[INFO] skip non existing resourceDirectory /Users/alex/projects/baratine-github/maven-collection-baratine/baratine-plugin/src/it/T0001/src/test/resources
[INFO] 
[INFO] --- maven-compiler-plugin:3.3:testCompile (default-testCompile) @ T0001 ---
[INFO] No sources to compile
[INFO] 
[INFO] --- maven-surefire-plugin:2.18.1:test (default-test) @ T0001 ---
[INFO] No tests to run.
[INFO] 
[INFO] --- baratine-plugin:1.0-SNAPSHOT:baratine (default-baratine) @ T0001 ---
[INFO] skipping artifact io.baratine:baratine-api:jar:0.8.8:baratine-api:0.8.8
[INFO] skipping artifact io.baratine:baratine:jar:0.8.8:baratine:0.8.8
[INFO] Building jar: /Users/alex/projects/baratine-github/maven-collection-baratine/baratine-plugin/src/it/T0001/target/T0001-1.0-SNAPSHOT.bar
[INFO] ------------------------------------------------------------------------
[INFO] BUILD SUCCESS
[INFO] ------------------------------------------------------------------------
[INFO] Total time: 1.609 s
[INFO] Finished at: 2015-06-17T11:37:14-07:00
[INFO] Final Memory: 19M/303M
[INFO] ------------------------------------------------------------------------
Running post-build script: /Users/alex/projects/baratine-github/maven-collection-baratine/baratine-plugin/src/it/T0001/verify.bsh
Finished post-build script: /Users/alex/projects/baratine-github/maven-collection-baratine/baratine-plugin/src/it/T0001/verify.bsh
